2019-01-08T04:48:46+03:00 ERR (3): Ошибка ошибка в indexAction
exception 'PDOException' with message 'SQLSTATE[42000]: Syntax error or access violation: 1064 You have an error in your SQL syntax; check the manual that corresponds to your MySQL server version for the right syntax to use near 'TABL error' at line 1' in Z:\home\zf.loc\library\Zend\Db\Statement\Pdo.php:228
Stack trace:
#0 Z:\home\zf.loc\library\Zend\Db\Statement\Pdo.php(228): PDOStatement->execute(Array)
#1 Z:\home\zf.loc\library\Zend\Db\Statement.php(303): Zend_Db_Statement_Pdo->_execute(Array)
#2 Z:\home\zf.loc\library\Zend\Db\Adapter\Abstract.php(480): Zend_Db_Statement->execute(Array)
#3 Z:\home\zf.loc\library\Zend\Db\Adapter\Pdo\Abstract.php(238): Zend_Db_Adapter_Abstract->query('CREATE TABL err...', Array)
#4 Z:\home\zf.loc\application\controllers\IndexController.php(27): Zend_Db_Adapter_Pdo_Abstract->query('CREATE TABL err...')
#5 Z:\home\zf.loc\library\Zend\Controller\Action.php(516): IndexController->indexAction()
#6 Z:\home\zf.loc\library\Zend\Controller\Dispatcher\Standard.php(308): Zend_Controller_Action->dispatch('indexAction')
#7 Z:\home\zf.loc\library\Zend\Controller\Front.php(954): Zend_Controller_Dispatcher_Standard->dispatch(Object(Zend_Controller_Request_Http), Object(Zend_Controller_Response_Http))
#8 Z:\home\zf.loc\library\Zend\Application\Bootstrap\Bootstrap.php(105): Zend_Controller_Front->dispatch()
#9 Z:\home\zf.loc\library\Zend\Application.php(384): Zend_Application_Bootstrap_Bootstrap->run()
#10 Z:\home\zf.loc\public\index.php(26): Zend_Application->run()
#11 {main}

Next exception 'Zend_Db_Statement_Exception' with message 'SQLSTATE[42000]: Syntax error or access violation: 1064 You have an error in your SQL syntax; check the manual that corresponds to your MySQL server version for the right syntax to use near 'TABL error' at line 1, query was: CREATE TABL error' in Z:\home\zf.loc\library\Zend\Db\Statement\Pdo.php:235
Stack trace:
#0 Z:\home\zf.loc\library\Zend\Db\Statement.php(303): Zend_Db_Statement_Pdo->_execute(Array)
#1 Z:\home\zf.loc\library\Zend\Db\Adapter\Abstract.php(480): Zend_Db_Statement->execute(Array)
#2 Z:\home\zf.loc\library\Zend\Db\Adapter\Pdo\Abstract.php(238): Zend_Db_Adapter_Abstract->query('CREATE TABL err...', Array)
#3 Z:\home\zf.loc\application\controllers\IndexController.php(27): Zend_Db_Adapter_Pdo_Abstract->query('CREATE TABL err...')
#4 Z:\home\zf.loc\library\Zend\Controller\Action.php(516): IndexController->indexAction()
#5 Z:\home\zf.loc\library\Zend\Controller\Dispatcher\Standard.php(308): Zend_Controller_Action->dispatch('indexAction')
#6 Z:\home\zf.loc\library\Zend\Controller\Front.php(954): Zend_Controller_Dispatcher_Standard->dispatch(Object(Zend_Controller_Request_Http), Object(Zend_Controller_Response_Http))
#7 Z:\home\zf.loc\library\Zend\Application\Bootstrap\Bootstrap.php(105): Zend_Controller_Front->dispatch()
#8 Z:\home\zf.loc\library\Zend\Application.php(384): Zend_Application_Bootstrap_Bootstrap->run()
#9 Z:\home\zf.loc\public\index.php(26): Zend_Application->run()
#10 {main}
2019-01-08T18:44:48+03:00 ERR (3): Ошибка ошибка в indexAction
exception 'PDOException' with message 'SQLSTATE[42000]: Syntax error or access violation: 1064 You have an error in your SQL syntax; check the manual that corresponds to your MySQL server version for the right syntax to use near 'TABL error' at line 1' in Z:\home\zf.loc\library\Zend\Db\Statement\Pdo.php:228
Stack trace:
#0 Z:\home\zf.loc\library\Zend\Db\Statement\Pdo.php(228): PDOStatement->execute(Array)
#1 Z:\home\zf.loc\library\Zend\Db\Statement.php(303): Zend_Db_Statement_Pdo->_execute(Array)
#2 Z:\home\zf.loc\library\Zend\Db\Adapter\Abstract.php(480): Zend_Db_Statement->execute(Array)
#3 Z:\home\zf.loc\library\Zend\Db\Adapter\Pdo\Abstract.php(238): Zend_Db_Adapter_Abstract->query('CREATE TABL err...', Array)
#4 Z:\home\zf.loc\application\controllers\IndexController.php(27): Zend_Db_Adapter_Pdo_Abstract->query('CREATE TABL err...')
#5 Z:\home\zf.loc\library\Zend\Controller\Action.php(516): IndexController->indexAction()
#6 Z:\home\zf.loc\library\Zend\Controller\Dispatcher\Standard.php(308): Zend_Controller_Action->dispatch('indexAction')
#7 Z:\home\zf.loc\library\Zend\Controller\Front.php(954): Zend_Controller_Dispatcher_Standard->dispatch(Object(Zend_Controller_Request_Http), Object(Zend_Controller_Response_Http))
#8 Z:\home\zf.loc\library\Zend\Application\Bootstrap\Bootstrap.php(105): Zend_Controller_Front->dispatch()
#9 Z:\home\zf.loc\library\Zend\Application.php(384): Zend_Application_Bootstrap_Bootstrap->run()
#10 Z:\home\zf.loc\public\index.php(26): Zend_Application->run()
#11 {main}

Next exception 'Zend_Db_Statement_Exception' with message 'SQLSTATE[42000]: Syntax error or access violation: 1064 You have an error in your SQL syntax; check the manual that corresponds to your MySQL server version for the right syntax to use near 'TABL error' at line 1, query was: CREATE TABL error' in Z:\home\zf.loc\library\Zend\Db\Statement\Pdo.php:235
Stack trace:
#0 Z:\home\zf.loc\library\Zend\Db\Statement.php(303): Zend_Db_Statement_Pdo->_execute(Array)
#1 Z:\home\zf.loc\library\Zend\Db\Adapter\Abstract.php(480): Zend_Db_Statement->execute(Array)
#2 Z:\home\zf.loc\library\Zend\Db\Adapter\Pdo\Abstract.php(238): Zend_Db_Adapter_Abstract->query('CREATE TABL err...', Array)
#3 Z:\home\zf.loc\application\controllers\IndexController.php(27): Zend_Db_Adapter_Pdo_Abstract->query('CREATE TABL err...')
#4 Z:\home\zf.loc\library\Zend\Controller\Action.php(516): IndexController->indexAction()
#5 Z:\home\zf.loc\library\Zend\Controller\Dispatcher\Standard.php(308): Zend_Controller_Action->dispatch('indexAction')
#6 Z:\home\zf.loc\library\Zend\Controller\Front.php(954): Zend_Controller_Dispatcher_Standard->dispatch(Object(Zend_Controller_Request_Http), Object(Zend_Controller_Response_Http))
#7 Z:\home\zf.loc\library\Zend\Application\Bootstrap\Bootstrap.php(105): Zend_Controller_Front->dispatch()
#8 Z:\home\zf.loc\library\Zend\Application.php(384): Zend_Application_Bootstrap_Bootstrap->run()
#9 Z:\home\zf.loc\public\index.php(26): Zend_Application->run()
#10 {main}
2019-01-12T23:25:45+03:00 ERR (3): Ошибка ошибка в indexAction
exception 'PDOException' with message 'SQLSTATE[42000]: Syntax error or access violation: 1064 You have an error in your SQL syntax; check the manual that corresponds to your MySQL server version for the right syntax to use near 'TABL error' at line 1' in Z:\home\zf.loc\library\Zend\Db\Statement\Pdo.php:228
Stack trace:
#0 Z:\home\zf.loc\library\Zend\Db\Statement\Pdo.php(228): PDOStatement->execute(Array)
#1 Z:\home\zf.loc\library\Zend\Db\Statement.php(303): Zend_Db_Statement_Pdo->_execute(Array)
#2 Z:\home\zf.loc\library\Zend\Db\Adapter\Abstract.php(480): Zend_Db_Statement->execute(Array)
#3 Z:\home\zf.loc\library\Zend\Db\Adapter\Pdo\Abstract.php(238): Zend_Db_Adapter_Abstract->query('CREATE TABL err...', Array)
#4 Z:\home\zf.loc\application\controllers\IndexController.php(27): Zend_Db_Adapter_Pdo_Abstract->query('CREATE TABL err...')
#5 Z:\home\zf.loc\library\Zend\Controller\Action.php(516): IndexController->indexAction()
#6 Z:\home\zf.loc\library\Zend\Controller\Dispatcher\Standard.php(308): Zend_Controller_Action->dispatch('indexAction')
#7 Z:\home\zf.loc\library\Zend\Controller\Front.php(954): Zend_Controller_Dispatcher_Standard->dispatch(Object(Zend_Controller_Request_Http), Object(Zend_Controller_Response_Http))
#8 Z:\home\zf.loc\library\Zend\Application\Bootstrap\Bootstrap.php(105): Zend_Controller_Front->dispatch()
#9 Z:\home\zf.loc\library\Zend\Application.php(384): Zend_Application_Bootstrap_Bootstrap->run()
#10 Z:\home\zf.loc\public\index.php(26): Zend_Application->run()
#11 {main}

Next exception 'Zend_Db_Statement_Exception' with message 'SQLSTATE[42000]: Syntax error or access violation: 1064 You have an error in your SQL syntax; check the manual that corresponds to your MySQL server version for the right syntax to use near 'TABL error' at line 1, query was: CREATE TABL error' in Z:\home\zf.loc\library\Zend\Db\Statement\Pdo.php:235
Stack trace:
#0 Z:\home\zf.loc\library\Zend\Db\Statement.php(303): Zend_Db_Statement_Pdo->_execute(Array)
#1 Z:\home\zf.loc\library\Zend\Db\Adapter\Abstract.php(480): Zend_Db_Statement->execute(Array)
#2 Z:\home\zf.loc\library\Zend\Db\Adapter\Pdo\Abstract.php(238): Zend_Db_Adapter_Abstract->query('CREATE TABL err...', Array)
#3 Z:\home\zf.loc\application\controllers\IndexController.php(27): Zend_Db_Adapter_Pdo_Abstract->query('CREATE TABL err...')
#4 Z:\home\zf.loc\library\Zend\Controller\Action.php(516): IndexController->indexAction()
#5 Z:\home\zf.loc\library\Zend\Controller\Dispatcher\Standard.php(308): Zend_Controller_Action->dispatch('indexAction')
#6 Z:\home\zf.loc\library\Zend\Controller\Front.php(954): Zend_Controller_Dispatcher_Standard->dispatch(Object(Zend_Controller_Request_Http), Object(Zend_Controller_Response_Http))
#7 Z:\home\zf.loc\library\Zend\Application\Bootstrap\Bootstrap.php(105): Zend_Controller_Front->dispatch()
#8 Z:\home\zf.loc\library\Zend\Application.php(384): Zend_Application_Bootstrap_Bootstrap->run()
#9 Z:\home\zf.loc\public\index.php(26): Zend_Application->run()
#10 {main}
2019-01-12T23:25:58+03:00 ERR (3): Ошибка ошибка в indexAction
exception 'PDOException' with message 'SQLSTATE[42000]: Syntax error or access violation: 1064 You have an error in your SQL syntax; check the manual that corresponds to your MySQL server version for the right syntax to use near 'TABL error' at line 1' in Z:\home\zf.loc\library\Zend\Db\Statement\Pdo.php:228
Stack trace:
#0 Z:\home\zf.loc\library\Zend\Db\Statement\Pdo.php(228): PDOStatement->execute(Array)
#1 Z:\home\zf.loc\library\Zend\Db\Statement.php(303): Zend_Db_Statement_Pdo->_execute(Array)
#2 Z:\home\zf.loc\library\Zend\Db\Adapter\Abstract.php(480): Zend_Db_Statement->execute(Array)
#3 Z:\home\zf.loc\library\Zend\Db\Adapter\Pdo\Abstract.php(238): Zend_Db_Adapter_Abstract->query('CREATE TABL err...', Array)
#4 Z:\home\zf.loc\application\controllers\IndexController.php(27): Zend_Db_Adapter_Pdo_Abstract->query('CREATE TABL err...')
#5 Z:\home\zf.loc\library\Zend\Controller\Action.php(516): IndexController->indexAction()
#6 Z:\home\zf.loc\library\Zend\Controller\Dispatcher\Standard.php(308): Zend_Controller_Action->dispatch('indexAction')
#7 Z:\home\zf.loc\library\Zend\Controller\Front.php(954): Zend_Controller_Dispatcher_Standard->dispatch(Object(Zend_Controller_Request_Http), Object(Zend_Controller_Response_Http))
#8 Z:\home\zf.loc\library\Zend\Application\Bootstrap\Bootstrap.php(105): Zend_Controller_Front->dispatch()
#9 Z:\home\zf.loc\library\Zend\Application.php(384): Zend_Application_Bootstrap_Bootstrap->run()
#10 Z:\home\zf.loc\public\index.php(26): Zend_Application->run()
#11 {main}

Next exception 'Zend_Db_Statement_Exception' with message 'SQLSTATE[42000]: Syntax error or access violation: 1064 You have an error in your SQL syntax; check the manual that corresponds to your MySQL server version for the right syntax to use near 'TABL error' at line 1, query was: CREATE TABL error' in Z:\home\zf.loc\library\Zend\Db\Statement\Pdo.php:235
Stack trace:
#0 Z:\home\zf.loc\library\Zend\Db\Statement.php(303): Zend_Db_Statement_Pdo->_execute(Array)
#1 Z:\home\zf.loc\library\Zend\Db\Adapter\Abstract.php(480): Zend_Db_Statement->execute(Array)
#2 Z:\home\zf.loc\library\Zend\Db\Adapter\Pdo\Abstract.php(238): Zend_Db_Adapter_Abstract->query('CREATE TABL err...', Array)
#3 Z:\home\zf.loc\application\controllers\IndexController.php(27): Zend_Db_Adapter_Pdo_Abstract->query('CREATE TABL err...')
#4 Z:\home\zf.loc\library\Zend\Controller\Action.php(516): IndexController->indexAction()
#5 Z:\home\zf.loc\library\Zend\Controller\Dispatcher\Standard.php(308): Zend_Controller_Action->dispatch('indexAction')
#6 Z:\home\zf.loc\library\Zend\Controller\Front.php(954): Zend_Controller_Dispatcher_Standard->dispatch(Object(Zend_Controller_Request_Http), Object(Zend_Controller_Response_Http))
#7 Z:\home\zf.loc\library\Zend\Application\Bootstrap\Bootstrap.php(105): Zend_Controller_Front->dispatch()
#8 Z:\home\zf.loc\library\Zend\Application.php(384): Zend_Application_Bootstrap_Bootstrap->run()
#9 Z:\home\zf.loc\public\index.php(26): Zend_Application->run()
#10 {main}
